app/build 2/intermediates/manifest_merge_blame_file/debug/manifest-merger-blame-debug-report 3.txt
1<?xml version="1.0" encoding="utf-8"?>
2<manifest xmlns:android="http://schemas.android.com/apk/res/android"
3    package="com.example.cameraapplication"
4    android:versionCode="1"
5    android:versionName="1.0" >
6
7    <uses-sdk
8        android:minSdkVersion="21"
8-->src/main/AndroidManifest.xml
9        android:targetSdkVersion="32" />
9-->src/main/AndroidManifest.xml
10
11    <uses-feature
11-->src/main/AndroidManifest.xml:6:5-7:34
12        android:name="android.hardware.camera"
12-->src/main/AndroidManifest.xml:6:19-57
13        android:required="true" />
13-->src/main/AndroidManifest.xml:7:9-32
14
15    <uses-permission android:name="android.permission.WRITE_EXTERNAL_STORAGE" />
15-->src/main/AndroidManifest.xml:9:5-80
15-->src/main/AndroidManifest.xml:9:22-78
16    <uses-permission android:name="android.permission.READ_EXTERNAL_STORAGE" />
16-->src/main/AndroidManifest.xml:10:5-79
16-->src/main/AndroidManifest.xml:10:22-77
17    <uses-permission android:name="android.permission.CAMERA" />
17-->src/main/AndroidManifest.xml:11:5-64
17-->src/main/AndroidManifest.xml:11:22-62
18
19    <uses-feature android:name="android.hardware.camera.autofocus" />
19-->src/main/AndroidManifest.xml:12:5-69
19-->src/main/AndroidManifest.xml:12:19-67
20    <uses-feature android:name="android.hardware.camera.capability.manual_post_processing" />
20-->src/main/AndroidManifest.xml:13:5-93
20-->src/main/AndroidManifest.xml:13:19-91
21    <uses-feature android:name="android.hardware.camera.flash" />
21-->src/main/AndroidManifest.xml:14:5-65
21-->src/main/AndroidManifest.xml:14:19-63
22
23    <uses-permission android:name="android.permission.INTERNET" />
23-->src/main/AndroidManifest.xml:15:5-66
23-->src/main/AndroidManifest.xml:15:22-64
24
25    <application
25-->src/main/AndroidManifest.xml:17:5-51:19
26        android:allowBackup="true"
26-->src/main/AndroidManifest.xml:18:9-35
27        android:appComponentFactory="android.support.v4.app.CoreComponentFactory"
27-->[com.android.support:support-compat:28.0.0] AndroidManifest.xml:22:18-91
28        android:dataExtractionRules="@xml/data_extraction_rules"
28-->src/main/AndroidManifest.xml:19:9-65
29        android:debuggable="true"
30        android:fullBackupContent="@xml/backup_rules"
30-->src/main/AndroidManifest.xml:20:9-54
31        android:icon="@mipmap/ic_launcher"
31-->src/main/AndroidManifest.xml:21:9-43
32        android:label="@string/app_name"
32-->src/main/AndroidManifest.xml:22:9-41
33        android:roundIcon="@mipmap/ic_launcher_round"
33-->src/main/AndroidManifest.xml:23:9-54
34        android:supportsRtl="true"
34-->src/main/AndroidManifest.xml:24:9-35
35        android:testOnly="true"
36        android:theme="@style/Theme.CameraApplication"
36-->src/main/AndroidManifest.xml:25:9-55
37        android:usesCleartextTraffic="true" >
37-->src/main/AndroidManifest.xml:27:9-44
38        <provider
38-->src/main/AndroidManifest.xml:29:9-38:20
39            android:name="android.support.v4.content.FileProvider"
39-->src/main/AndroidManifest.xml:30:13-67
40            android:authorities="com.example.cameraapplication.fileprovider"
40-->src/main/AndroidManifest.xml:31:13-77
41            android:exported="false"
41-->src/main/AndroidManifest.xml:32:13-37
42            android:grantUriPermissions="true" >
42-->src/main/AndroidManifest.xml:33:13-47
43            <meta-data
43-->src/main/AndroidManifest.xml:34:13-36:66
44                android:name="android.support.FILE_PROVIDER_PATHS"
44-->src/main/AndroidManifest.xml:35:17-67
45                android:resource="@xml/pathsoffiles" />
45-->src/main/AndroidManifest.xml:36:17-53
46        </provider>
47
48        <activity android:name="com.example.cameraapplication.ImageCaptureActivity" />
48-->src/main/AndroidManifest.xml:39:9-58
48-->src/main/AndroidManifest.xml:39:19-55
49        <activity
49-->src/main/AndroidManifest.xml:40:9-50:20
50            android:name="com.example.cameraapplication.MainActivity"
50-->src/main/AndroidManifest.xml:41:13-41
51            android:exported="true"
51-->src/main/AndroidManifest.xml:42:13-36
52            android:label="@string/app_name"
52-->src/main/AndroidManifest.xml:43:13-45
53            android:theme="@style/Theme.CameraApplication.NoActionBar" >
53-->src/main/AndroidManifest.xml:44:13-71
54            <intent-filter>
54-->src/main/AndroidManifest.xml:45:13-49:29
55                <action android:name="android.intent.action.MAIN" />
55-->src/main/AndroidManifest.xml:46:17-69
55-->src/main/AndroidManifest.xml:46:25-66
56
57                <category android:name="android.intent.category.LAUNCHER" />
57-->src/main/AndroidManifest.xml:48:17-77
57-->src/main/AndroidManifest.xml:48:27-74
58            </intent-filter>
59        </activity>
60    </application>
61
62</manifest>